切换为增量回收，耗时：  0.003ms
当前内存限制： 19.070M
切换为分代回收，耗时：  5.164ms
增量	  5.201ms	 20.080M
增量步进率：5，步进值：  0.010M
增量	  1.346ms	 20.086M
增量步进率：13，步进值：  0.025M
增量	  1.877ms	 20.095M
增量步进率：14，步进值：  0.027M
增量	  1.517ms	 20.103M
增量步进率：15，步进值：  0.028M
完成了一次增量周期
增量	  7.382ms	 15.004M
增量步进率：15，步进值：  0.028M
增量	  0.028ms	 15.012M
增量步进率：16，步进值：  0.030M
增量	  0.028ms	 15.018M
增量步进率：17，步进值：  0.032M
增量	  0.035ms	 15.035M
增量步进率：18，步进值：  0.034M
增量	  0.032ms	 15.049M
增量步进率：19，步进值：  0.036M
增量	  0.033ms	 15.062M
增量步进率：20，步进值：  0.038M
增量	  0.035ms	 15.073M
增量步进率：21，步进值：  0.040M
增量	  0.026ms	 15.538M
增量步进率：23，步进值：  0.043M
增量	  0.033ms	 15.549M
增量步进率：24，步进值：  0.045M
增量	  0.028ms	 15.563M
增量步进率：25，步进值：  0.047M
增量	  0.031ms	 15.577M
增量步进率：26，步进值：  0.049M
增量	  0.026ms	 15.589M
增量步进率：27，步进值：  0.051M
增量	  0.036ms	 15.982M
增量步进率：28，步进值：  0.054M
增量	  0.030ms	 15.996M
增量步进率：29，步进值：  0.056M
增量	  0.029ms	 16.010M
增量步进率：30，步进值：  0.058M
增量	  0.029ms	 16.018M
增量步进率：31，步进值：  0.060M
增量	  0.027ms	 16.024M
增量步进率：32，步进值：  0.062M
增量	  0.044ms	 16.030M
增量步进率：33，步进值：  0.064M
增量	  0.036ms	 16.036M
增量步进率：34，步进值：  0.066M
增量	  0.029ms	 16.045M
增量步进率：36，步进值：  0.068M
增量	  0.030ms	 16.079M
增量步进率：37，步进值：  0.070M
增量	  0.029ms	 16.085M
增量步进率：38，步进值：  0.072M
增量	  0.031ms	 16.091M
增量步进率：39，步进值：  0.074M
增量	  0.028ms	 16.097M
增量步进率：40，步进值：  0.076M
增量	  0.039ms	 16.109M
增量步进率：41，步进值：  0.078M
增量	  0.030ms	 16.121M
增量步进率：42，步进值：  0.080M
增量	  0.029ms	 16.127M
增量步进率：43，步进值：  0.081M
增量	  0.036ms	 16.132M
增量步进率：44，步进值：  0.083M
增量	  0.033ms	 16.139M
增量步进率：45，步进值：  0.085M
增量	  0.031ms	 16.144M
增量步进率：46，步进值：  0.087M
增量	  0.032ms	 16.150M
增量步进率：47，步进值：  0.089M
增量	  0.039ms	 16.156M
增量步进率：48，步进值：  0.091M
增量	  0.031ms	 16.162M
增量步进率：49，步进值：  0.093M
增量	  0.031ms	 16.168M
增量步进率：50，步进值：  0.095M
增量	  0.029ms	 16.174M
增量步进率：51，步进值：  0.097M
增量	  0.029ms	 16.179M
增量步进率：52，步进值：  0.099M
增量	  0.030ms	 16.185M
增量步进率：53，步进值：  0.101M
增量	  0.029ms	 16.191M
增量步进率：54，步进值：  0.103M
增量	  0.031ms	 16.197M
增量步进率：55，步进值：  0.105M
增量	  0.031ms	 16.203M
增量步进率：56，步进值：  0.107M
增量	  0.028ms	 16.209M
增量步进率：57，步进值：  0.109M
增量	  0.029ms	 16.215M
增量步进率：58，步进值：  0.111M
增量	  0.031ms	 16.221M
增量步进率：59，步进值：  0.113M
增量	  0.032ms	 16.227M
增量步进率：60，步进值：  0.114M
增量	  0.030ms	 16.233M
增量步进率：61，步进值：  0.116M
增量	  0.030ms	 16.239M
增量步进率：62，步进值：  0.118M
增量	  0.029ms	 16.245M
增量步进率：63，步进值：  0.120M
增量	  0.029ms	 16.251M
增量步进率：64，步进值：  0.122M
增量	  0.043ms	 16.256M
增量步进率：65，步进值：  0.124M
增量	  0.029ms	 16.262M
增量步进率：66，步进值：  0.126M
增量	  0.029ms	 16.268M
增量步进率：67，步进值：  0.128M
增量	  0.030ms	 16.274M
增量步进率：68，步进值：  0.130M
增量	  0.032ms	 16.280M
增量步进率：69，步进值：  0.132M
增量	  0.070ms	 16.287M
增量步进率：70，步进值：  0.134M
增量	  0.031ms	 16.297M
增量步进率：71，步进值：  0.136M
增量	  0.032ms	 16.310M
增量步进率：72，步进值：  0.138M
增量	  0.032ms	 16.324M
增量步进率：73，步进值：  0.140M
增量	  0.029ms	 16.336M
增量步进率：74，步进值：  0.142M
增量	  0.027ms	 16.349M
增量步进率：76，步进值：  0.144M
增量	  0.029ms	 16.362M
增量步进率：77，步进值：  0.146M
增量	  0.040ms	 16.374M
增量步进率：78，步进值：  0.148M
增量	  0.030ms	 16.384M
增量步进率：79，步进值：  0.150M
增量	  0.029ms	 16.389M
增量步进率：80，步进值：  0.152M
增量	  0.766ms	 16.395M
增量步进率：81，步进值：  0.154M
完成了一次增量周期
增量	  8.275ms	 14.934M
增量步进率：81，步进值：  0.154M
增量	  0.031ms	 14.940M
增量步进率：82，步进值：  0.156M
增量	  0.036ms	 14.945M
增量步进率：83，步进值：  0.158M
增量	  0.029ms	 14.951M
增量步进率：84，步进值：  0.160M
增量	  0.032ms	 14.958M
增量步进率：85，步进值：  0.162M
增量	  0.029ms	 14.963M
增量步进率：86，步进值：  0.164M
增量	  0.030ms	 14.971M
增量步进率：87，步进值：  0.166M
增量	  0.031ms	 14.978M
增量步进率：88，步进值：  0.168M
增量	  0.031ms	 14.984M
增量步进率：89，步进值：  0.170M
增量	  0.029ms	 14.990M
增量步进率：90，步进值：  0.172M
增量	  0.031ms	 14.996M
增量步进率：91，步进值：  0.174M
增量	  0.032ms	 15.002M
增量步进率：92，步进值：  0.176M
增量	  0.032ms	 15.008M
增量步进率：93，步进值：  0.178M
增量	  0.031ms	 15.014M
增量步进率：94，步进值：  0.180M
增量	  0.031ms	 15.019M
增量步进率：95，步进值：  0.182M
增量	  0.030ms	 15.025M
增量步进率：96，步进值：  0.184M
增量	  0.032ms	 15.031M
增量步进率：97，步进值：  0.186M
增量	  0.032ms	 15.037M
增量步进率：98，步进值：  0.188M
增量	  0.029ms	 15.043M
增量步进率：99，步进值：  0.190M
增量	  0.030ms	 15.049M
增量步进率：100，步进值：  0.192M
增量	  0.030ms	 15.055M
增量步进率：101，步进值：  0.194M
增量	  0.027ms	 15.061M
增量步进率：103，步进值：  0.196M
增量	  0.029ms	 15.067M
增量步进率：104，步进值：  0.198M
增量	  0.039ms	 15.073M
增量步进率：105，步进值：  0.199M
增量	  0.026ms	 15.079M
增量步进率：106，步进值：  0.201M
增量	  0.029ms	 15.085M
增量步进率：107，步进值：  0.203M
增量	  0.029ms	 15.090M
增量步进率：108，步进值：  0.205M
增量	  0.031ms	 15.096M
增量步进率：109，步进值：  0.207M
增量	  0.028ms	 15.102M
增量步进率：110，步进值：  0.209M
增量	  0.028ms	 15.108M
增量步进率：111，步进值：  0.211M
增量	  0.028ms	 15.114M
增量步进率：112，步进值：  0.213M
增量	  0.030ms	 15.120M
增量步进率：113，步进值：  0.215M
增量	  0.029ms	 15.126M
增量步进率：114，步进值：  0.217M
增量	  0.030ms	 15.132M
增量步进率：115，步进值：  0.219M
增量	  0.037ms	 15.138M
增量步进率：116，步进值：  0.221M
增量	  0.030ms	 15.143M
增量步进率：117，步进值：  0.223M
增量	  0.028ms	 15.149M
增量步进率：118，步进值：  0.225M
增量	  3.722ms	 15.155M
增量步进率：119，步进值：  0.227M
完成了一次增量周期
增量	  4.589ms	 14.867M
增量步进率：119，步进值：  0.227M
增量	  0.028ms	 14.873M
增量步进率：120，步进值：  0.229M
增量	  0.028ms	 14.880M
增量步进率：121，步进值：  0.231M
增量	  0.030ms	 14.885M
增量步进率：122，步进值：  0.233M
增量	  0.027ms	 14.892M
增量步进率：123，步进值：  0.235M
增量	  0.034ms	 14.897M
增量步进率：124，步进值：  0.237M
增量	  0.028ms	 14.903M
增量步进率：126，步进值：  0.239M
增量	  0.026ms	 14.910M
增量步进率：127，步进值：  0.241M
增量	  0.033ms	 14.919M
增量步进率：128，步进值：  0.243M
增量	  0.028ms	 14.928M
增量步进率：129，步进值：  0.245M
增量	  0.028ms	 14.934M
增量步进率：130，步进值：  0.247M
增量	  0.028ms	 14.940M
增量步进率：131，步进值：  0.249M
增量	  0.031ms	 14.945M
增量步进率：132，步进值：  0.251M
增量	  0.030ms	 14.954M
增量步进率：133，步进值：  0.254M
增量	  0.027ms	 14.963M
增量步进率：134，步进值：  0.256M
增量	  0.027ms	 14.976M
增量步进率：135，步进值：  0.258M
增量	  0.029ms	 14.986M
增量步进率：136，步进值：  0.260M
增量	  0.027ms	 14.997M
增量步进率：137，步进值：  0.262M
增量	  0.038ms	 15.004M
增量步进率：138，步进值：  0.264M
增量	  0.027ms	 15.010M
增量步进率：139，步进值：  0.266M
增量	  0.029ms	 15.016M
增量步进率：141，步进值：  0.268M
增量	  0.032ms	 15.022M
增量步进率：142，步进值：  0.270M
增量	  0.028ms	 15.029M
增量步进率：143，步进值：  0.272M
增量	  0.031ms	 15.034M
增量步进率：144，步进值：  0.274M
增量	  0.027ms	 15.045M
增量步进率：145，步进值：  0.276M
增量	  0.025ms	 15.058M
增量步进率：146，步进值：  0.278M
增量	  0.045ms	 15.066M
增量步进率：147，步进值：  0.280M
增量	  0.036ms	 15.072M
增量步进率：148，步进值：  0.282M
完成了一次增量周期
增量	  6.920ms	 14.866M
增量步进率：148，步进值：  0.282M
增量	  0.029ms	 14.872M
增量步进率：149，步进值：  0.284M
增量	  0.029ms	 14.877M
增量步进率：150，步进值：  0.286M
增量	  0.042ms	 14.884M
增量步进率：151，步进值：  0.288M
增量	  0.031ms	 14.889M
增量步进率：152，步进值：  0.290M
增量	  0.030ms	 14.895M
增量步进率：153，步进值：  0.292M
增量	  0.039ms	 14.901M
增量步进率：154，步进值：  0.294M
增量	  0.033ms	 14.907M
增量步进率：155，步进值：  0.296M
增量	  0.029ms	 14.913M
增量步进率：157，步进值：  0.298M
增量	  0.030ms	 14.918M
增量步进率：158，步进值：  0.301M
增量	  0.029ms	 14.930M
增量步进率：159，步进值：  0.303M
增量	  0.032ms	 14.941M
增量步进率：160，步进值：  0.305M
增量	  0.031ms	 14.948M
增量步进率：161，步进值：  0.307M
增量	  0.029ms	 14.953M
增量步进率：162，步进值：  0.309M
增量	  0.031ms	 14.959M
增量步进率：163，步进值：  0.311M
增量	  0.029ms	 14.965M
增量步进率：164，步进值：  0.313M
增量	  0.033ms	 14.971M
增量步进率：165，步进值：  0.315M
增量	  0.042ms	 14.977M
增量步进率：166，步进值：  0.317M
增量	  0.031ms	 14.983M
增量步进率：167，步进值：  0.319M
增量	  0.032ms	 14.989M
增量步进率：168，步进值：  0.321M
增量	  0.035ms	 14.995M
增量步进率：169，步进值：  0.323M
增量	  0.032ms	 15.001M
增量步进率：170，步进值：  0.325M
增量	  0.036ms	 15.007M
增量步进率：172，步进值：  0.327M
增量	  1.619ms	 15.012M
增量步进率：173，步进值：  0.329M
完成了一次增量周期
增量	  5.661ms	 14.860M
增量步进率：173，步进值：  0.329M
增量	  0.030ms	 14.866M
增量步进率：174，步进值：  0.331M
增量	  0.038ms	 14.872M
增量步进率：175，步进值：  0.333M
增量	  0.032ms	 14.878M
增量步进率：176，步进值：  0.335M
增量	  0.037ms	 14.884M
增量步进率：177，步进值：  0.337M
增量	  0.032ms	 14.889M
增量步进率：178，步进值：  0.339M
增量	  0.034ms	 14.895M
增量步进率：179，步进值：  0.341M
增量	  0.054ms	 14.901M
增量步进率：180，步进值：  0.343M
增量	  0.031ms	 14.908M
增量步进率：181，步进值：  0.346M
增量	  0.035ms	 14.922M
增量步进率：182，步进值：  0.348M
增量	  0.038ms	 14.928M
增量步进率：183，步进值：  0.350M
增量	  0.040ms	 14.933M
增量步进率：184，步进值：  0.352M
增量	  0.052ms	 14.939M
增量步进率：186，步进值：  0.354M
增量	  0.037ms	 14.945M
增量步进率：187，步进值：  0.356M
增量	  0.034ms	 14.951M
增量步进率：188，步进值：  0.358M
增量	  0.044ms	 14.957M
增量步进率：189，步进值：  0.360M
增量	  0.030ms	 14.963M
增量步进率：190，步进值：  0.362M
增量	  0.044ms	 14.969M
增量步进率：191，步进值：  0.364M
增量	  0.030ms	 14.975M
增量步进率：192，步进值：  0.366M
增量	  0.028ms	 14.981M
增量步进率：193，步进值：  0.368M
增量	  0.029ms	 14.987M
增量步进率：194，步进值：  0.370M
完成了一次增量周期
切换为分代	  5.021ms	 14.858M
切换为增量回收，耗时：  6.789ms
当前内存限制： 29.695M
分代	  6.845ms	 14.847M
分代	  0.005ms	 14.853M
分代	  0.004ms	 14.859M
分代	  0.004ms	 14.865M
分代	  0.006ms	 14.870M
分代	  0.006ms	 14.877M
分代	  0.005ms	 14.882M
分代	  0.010ms	 14.888M
分代	  0.004ms	 14.894M
分代	  0.007ms	 14.899M
分代	  0.005ms	 14.905M
分代	  0.018ms	 14.911M
分代	  0.008ms	 14.917M
分代	  0.005ms	 14.923M
分代	  0.004ms	 14.934M
分代	  0.005ms	 14.941M
分代	  0.005ms	 14.947M
分代	  0.004ms	 14.953M
分代	  0.005ms	 14.959M
分代	  0.005ms	 14.965M
分代	  0.005ms	 14.975M
分代	  0.005ms	 14.981M
分代	  0.006ms	 14.987M
分代	  0.005ms	 14.993M
分代	  0.004ms	 14.998M
分代	  0.004ms	 15.004M
分代	  0.005ms	 15.010M
分代	  0.004ms	 15.016M
分代	  0.004ms	 15.021M
分代	  0.004ms	 15.027M
分代	  0.004ms	 15.033M
分代	  0.005ms	 15.039M
分代	  0.004ms	 15.045M
分代	  0.005ms	 15.050M
分代	  0.004ms	 15.056M
分代	  0.006ms	 15.062M
分代	  0.006ms	 15.068M
分代	  0.005ms	 15.074M
分代	  0.004ms	 15.080M
分代	  0.015ms	 15.086M
分代	  0.005ms	 15.092M
分代	  0.004ms	 15.098M
分代	  0.004ms	 15.104M
分代	  0.006ms	 15.109M
分代	  0.004ms	 15.115M
分代	  0.004ms	 15.121M
分代	  0.004ms	 15.126M
分代	  0.006ms	 15.132M
分代	  0.005ms	 15.138M
分代	  0.004ms	 15.144M
分代	  0.004ms	 15.150M
分代	  0.004ms	 15.156M
分代	  0.004ms	 15.161M
分代	  0.004ms	 15.167M
分代	  0.006ms	 15.173M
分代	  0.007ms	 15.179M
分代	  0.004ms	 15.185M
分代	  0.007ms	 15.190M
分代	  0.006ms	 15.196M
分代	  0.003ms	 15.202M
分代	  0.004ms	 15.208M
分代	  0.004ms	 15.214M
分代	  0.004ms	 15.220M
分代	  0.005ms	 15.226M
分代	  0.004ms	 15.232M
分代	  0.006ms	 15.238M
分代	  0.005ms	 15.243M
分代	  0.005ms	 15.249M
分代	  0.004ms	 15.255M
分代	  0.004ms	 15.261M
分代	  0.004ms	 15.266M
分代	  0.005ms	 15.272M
分代	  0.006ms	 15.278M
分代	  0.004ms	 15.284M
分代	  0.005ms	 15.289M
分代	  0.007ms	 15.295M
分代	  0.004ms	 15.301M
分代	  0.004ms	 15.307M
分代	  0.005ms	 15.313M
分代	  0.005ms	 15.319M
分代	  0.004ms	 15.325M
分代	  0.005ms	 15.331M
分代	  0.006ms	 15.337M
分代	  0.005ms	 15.343M
分代	  0.004ms	 15.348M
分代	  0.004ms	 15.354M
分代	  0.005ms	 15.360M
分代	  0.004ms	 15.366M
分代	  0.004ms	 15.371M
分代	  0.004ms	 15.378M
分代	  0.005ms	 15.383M
分代	  0.004ms	 15.389M
分代	  0.004ms	 15.395M
分代	  0.006ms	 15.400M
分代	  0.006ms	 15.406M
分代	  0.004ms	 15.412M
分代	  0.004ms	 15.418M
分代	  0.005ms	 15.424M
分代	  0.005ms	 15.429M
分代	  0.004ms	 15.435M
分代	  0.004ms	 15.441M
分代	  0.004ms	 15.447M
分代	  0.004ms	 15.453M
分代	  0.006ms	 15.459M
分代	  0.004ms	 15.465M
分代	  0.004ms	 15.471M
分代	  0.004ms	 15.477M
分代	  0.005ms	 15.482M
分代	  0.005ms	 15.488M
分代	  0.006ms	 15.494M
分代	  0.005ms	 15.500M
分代	  0.005ms	 15.506M
分代	  0.006ms	 15.511M
分代	  0.004ms	 15.517M
分代	  0.004ms	 15.523M
分代	  0.005ms	 15.529M
分代	  0.004ms	 15.535M
分代	  0.005ms	 15.540M
分代	  0.005ms	 15.546M
分代	  0.005ms	 15.552M
分代	  0.004ms	 15.558M
分代	  0.004ms	 15.564M
分代	  0.004ms	 15.569M
分代	  0.004ms	 15.576M
分代	  0.005ms	 15.581M
分代	  0.005ms	 15.588M
分代	  0.004ms	 15.593M
分代	  0.005ms	 15.599M
分代	  0.004ms	 15.605M
分代	  0.005ms	 15.611M
分代	  0.004ms	 15.616M
分代	  0.004ms	 15.622M
分代	  0.004ms	 15.628M
分代	  0.004ms	 15.634M
分代	  0.004ms	 15.639M
分代	  0.005ms	 15.645M
分代	  0.005ms	 15.651M
分代	  0.004ms	 15.657M
分代	  0.005ms	 15.663M
分代	  0.005ms	 15.668M
分代	  0.004ms	 15.675M
分代	  0.005ms	 15.680M
分代	  0.004ms	 15.686M
分代	  0.004ms	 15.692M
分代	  0.004ms	 15.698M
分代	  0.004ms	 15.704M
分代	  0.005ms	 15.710M
分代	  0.004ms	 15.716M
分代	  0.004ms	 15.721M
分代	  0.006ms	 15.728M
分代	  0.005ms	 15.733M
分代	  0.005ms	 15.739M
分代	  0.010ms	 15.745M
分代	  0.004ms	 15.750M
分代	  0.005ms	 15.756M
分代	  0.005ms	 15.762M
分代	  0.004ms	 15.768M
分代	  0.004ms	 15.774M
分代	  0.004ms	 15.780M
分代	  0.004ms	 15.785M
分代	  0.004ms	 15.791M
分代	  0.004ms	 15.797M
分代	  0.004ms	 15.803M
分代	  0.005ms	 15.808M
分代	  0.004ms	 15.815M
分代	  0.005ms	 15.820M
分代	  0.004ms	 15.826M
分代	  0.004ms	 15.832M
分代	  0.005ms	 15.838M
分代	  0.004ms	 15.844M
分代	  0.005ms	 15.850M
分代	  0.004ms	 15.856M
分代	  0.004ms	 15.861M
分代	  0.004ms	 15.867M
分代	  0.004ms	 15.873M
分代	  0.005ms	 15.879M
分代	  0.004ms	 15.885M
分代	  0.005ms	 15.890M
分代	  0.004ms	 15.896M
分代	  0.005ms	 15.902M
分代	  0.004ms	 15.908M
分代	  0.004ms	 15.913M
分代	  0.004ms	 15.919M
分代	  0.004ms	 15.925M
分代	  0.005ms	 15.931M
分代	  0.003ms	 15.937M
分代	  0.004ms	 15.943M
分代	  0.004ms	 15.949M
分代	  0.004ms	 15.955M
分代	  0.004ms	 15.961M
分代	  0.004ms	 15.966M
分代	  0.004ms	 15.972M
分代	  0.004ms	 15.978M
分代	  0.004ms	 15.984M
分代	  0.004ms	 15.990M
分代	  0.004ms	 15.995M
分代	  0.005ms	 16.001M
分代	  0.004ms	 16.007M
分代	  0.005ms	 16.013M
分代	  0.004ms	 16.018M
分代	  0.004ms	 16.025M
分代	  0.004ms	 16.030M
分代	  0.005ms	 16.036M
分代	  0.004ms	 16.042M
分代	  0.005ms	 16.048M
分代	  0.004ms	 16.053M
分代	  0.004ms	 16.059M
分代	  0.005ms	 16.065M
分代	  0.005ms	 16.071M
分代	  0.004ms	 16.077M
分代	  0.004ms	 16.083M
分代	  0.004ms	 16.089M
分代	  0.004ms	 16.095M
分代	  0.004ms	 16.101M
分代	  0.005ms	 16.106M
分代	  0.004ms	 16.112M
分代	  0.005ms	 16.118M
分代	  0.004ms	 16.124M
分代	  0.005ms	 16.130M
分代	  0.004ms	 16.135M
分代	  0.004ms	 16.141M
分代	  0.004ms	 16.147M
分代	  0.004ms	 16.153M
分代	  0.004ms	 16.158M
分代	  0.004ms	 16.164M
分代	  0.004ms	 16.170M
分代	  0.004ms	 16.176M
分代	  0.004ms	 16.182M
分代	  0.005ms	 16.188M
分代	  0.004ms	 16.193M
分代	  0.004ms	 16.200M
分代	  0.004ms	 16.205M
分代	  0.005ms	 16.211M
分代	  0.003ms	 16.217M
分代	  0.005ms	 16.223M
分代	  0.005ms	 16.229M
分代	  0.004ms	 16.235M
分代	  0.004ms	 16.240M
分代	  0.004ms	 16.246M
分代	  0.004ms	 16.252M
分代	  0.005ms	 16.258M
分代	  0.004ms	 16.263M
分代	  0.004ms	 16.269M
分代	  0.004ms	 16.275M
分代	  0.005ms	 16.281M
分代	  0.004ms	 16.287M
分代	  0.004ms	 16.293M
分代	  0.004ms	 16.298M
分代	  0.004ms	 16.304M
分代	  0.004ms	 16.310M
分代	  0.004ms	 16.316M
分代	  0.003ms	 16.322M
分代	  0.004ms	 16.328M
分代	  0.004ms	 16.334M
分代	  0.004ms	 16.340M
分代	  0.004ms	 16.345M
分代	  0.005ms	 16.351M
分代	  0.004ms	 16.357M
分代	  0.005ms	 16.363M
分代	  0.004ms	 16.369M
分代	  0.005ms	 16.375M
分代	  0.004ms	 16.380M
分代	  0.004ms	 16.386M
分代	  0.004ms	 16.392M
分代	  0.004ms	 16.398M
分代	  0.004ms	 16.403M
分代	  2.868ms	 14.986M
分代	  0.004ms	 14.992M
分代	  0.005ms	 14.997M
分代	  0.004ms	 15.003M
分代	  0.004ms	 15.009M
分代	  0.004ms	 15.015M
分代	  0.004ms	 15.021M
分代	  0.004ms	 15.027M
分代	  0.005ms	 15.032M
分代	  0.004ms	 15.039M
分代	  0.006ms	 15.045M
分代	  0.004ms	 15.050M
分代	  0.004ms	 15.056M
分代	  0.005ms	 15.062M
分代	  0.004ms	 15.067M
分代	  0.004ms	 15.074M
分代	  0.004ms	 15.079M
分代	  0.004ms	 15.085M
分代	  0.004ms	 15.091M
分代	  0.004ms	 15.097M
分代	  0.006ms	 15.102M
分代	  0.004ms	 15.108M
分代	  0.005ms	 15.114M
分代	  0.004ms	 15.120M
分代	  0.004ms	 15.126M
分代	  0.004ms	 15.131M
分代	  0.004ms	 15.137M
分代	  0.005ms	 15.144M
分代	  0.004ms	 15.149M
分代	  0.004ms	 15.155M
分代	  0.005ms	 15.161M
分代	  0.004ms	 15.167M
分代	  0.004ms	 15.173M
分代	  0.004ms	 15.179M
分代	  0.004ms	 15.184M
分代	  0.004ms	 15.190M
分代	  0.004ms	 15.196M
分代	  0.004ms	 15.202M
分代	  0.006ms	 15.207M
分代	  0.004ms	 15.214M
分代	  0.004ms	 15.219M
分代	  0.004ms	 15.225M
分代	  0.004ms	 15.231M
分代	  0.004ms	 15.237M
分代	  0.005ms	 15.242M
分代	  0.004ms	 15.248M
分代	  0.004ms	 15.254M
分代	  0.004ms	 15.260M
分代	  0.004ms	 15.266M
分代	  0.004ms	 15.272M
分代	  0.004ms	 15.277M
分代	  0.003ms	 15.284M
分代	  0.004ms	 15.289M
分代	  0.004ms	 15.295M
分代	  0.004ms	 15.301M
分代	  0.004ms	 15.307M
分代	  0.005ms	 15.312M
分代	  0.005ms	 15.319M
分代	  0.005ms	 15.324M
分代	  0.004ms	 15.330M
分代	  0.004ms	 15.336M
分代	  0.004ms	 15.342M
分代	  0.004ms	 15.347M
分代	  0.004ms	 15.353M
分代	  0.004ms	 15.359M
分代	  0.004ms	 15.365M
分代	  0.004ms	 15.371M
分代	  0.004ms	 15.376M
分代	  0.004ms	 15.382M
分代	  0.004ms	 15.388M
分代	  0.005ms	 15.394M
分代	  0.004ms	 15.400M
分代	  0.005ms	 15.406M
分代	  0.004ms	 15.412M
分代	  0.005ms	 15.417M
分代	  0.005ms	 15.424M
分代	  0.004ms	 15.429M
分代	  0.004ms	 15.435M
分代	  0.004ms	 15.441M
分代	  0.004ms	 15.447M
分代	  0.005ms	 15.452M
分代	  0.004ms	 15.459M
分代	  0.005ms	 15.464M
分代	  0.004ms	 15.470M
分代	  0.005ms	 15.476M
分代	  0.004ms	 15.481M
分代	  0.004ms	 15.487M
分代	  0.004ms	 15.493M
分代	  0.005ms	 15.499M
分代	  0.004ms	 15.505M
分代	  0.004ms	 15.511M
分代	  0.004ms	 15.516M
分代	  0.004ms	 15.522M
分代	  0.004ms	 15.528M
分代	  0.004ms	 15.534M
分代	  0.004ms	 15.540M
分代	  0.004ms	 15.546M
分代	  0.004ms	 15.552M
分代	  0.004ms	 15.557M
分代	  0.004ms	 15.564M
分代	  0.004ms	 15.569M
分代	  0.004ms	 15.575M
分代	  0.004ms	 15.581M
分代	  0.004ms	 15.587M
分代	  0.006ms	 15.592M
分代	  0.004ms	 15.598M
分代	  0.005ms	 15.604M
分代	  0.004ms	 15.610M
分代	  0.004ms	 15.615M
